# JRE version: Java(TM) SE Runtime Environment (10.0.1+10) (build 10.0.1+10)
# Java VM: Java HotSpot(TM) 64-Bit Server VM (10.0.1+10, mixed mode, tiered, compressed oops, g1 gc, bsd-amd64)
Heap:
 garbage-first heap   total 262144K, used 50547K [0x00000006c0000000, 0x00000007c0000000)
  region size 1024K, 12 young (12288K), 10 survivors (10240K)
 Metaspace       used 26110K, capacity 26532K, committed 27520K, reserved 1073152K
  class space    used 2737K, capacity 2943K, committed 3200K, reserved 1048576K
GC Heap History (10 events):
Event: 129875.515 GC heap before
{Heap before GC invocations=6 (full 0):
 garbage-first heap   total 262144K, used 170318K [0x00000006c0000000, 0x00000007c0000000)
  region size 1024K, 51 young (52224K), 10 survivors (10240K)
 Metaspace       used 25546K, capacity 26134K, committed 26752K, reserved 1073152K
  class space    used 2807K, capacity 3101K, committed 3200K, reserved 1048576K
}
Event: 129875.648 GC heap after
{Heap after GC invocations=7 (full 0):
 garbage-first heap   total 262144K, used 129650K [0x00000006c0000000, 0x00000007c0000000)
  region size 1024K, 11 young (11264K), 11 survivors (11264K)
 Metaspace       used 25546K, capacity 26134K, committed 26752K, reserved 1073152K
  class space    used 2807K, capacity 3101K, committed 3200K, reserved 1048576K
}
Event: 133141.370 GC heap before
{Heap before GC invocations=8 (full 0):
 garbage-first heap   total 262144K, used 126578K [0x00000006c0000000, 0x00000007c0000000)
  region size 1024K, 86 young (88064K), 11 survivors (11264K)
 Metaspace       used 25361K, capacity 25816K, committed 26752K, reserved 1073152K
  class space    used 2711K, capacity 2918K, committed 3200K, reserved 1048576K
}
Event: 133141.417 GC heap after
{Heap after GC invocations=9 (full 0):
 garbage-first heap   total 262144K, used 50457K [0x00000006c0000000, 0x00000007c0000000)
  region size 1024K, 10 young (10240K), 10 survivors (10240K)
 Metaspace       used 25361K, capacity 25816K, committed 26752K, reserved 1073152K
  class space    used 2711K, capacity 2918K, committed 3200K, reserved 1048576K
}
Event: 136443.545 GC heap before
{Heap before GC invocations=9 (full 0):
 garbage-first heap   total 262144K, used 196889K [0x00000006c0000000, 0x00000007c0000000)
  region size 1024K, 153 young (156672K), 10 survivors (10240K)
 Metaspace       used 25682K, capacity 26202K, committed 27264K, reserved 1073152K
  class space    used 2730K, capacity 2942K, committed 3200K, reserved 1048576K
}
Event: 136443.560 GC heap after
{Heap after GC invocations=10 (full 0):
 garbage-first heap   total 262144K, used 32430K [0x00000006c0000000, 0x00000007c0000000)
  region size 1024K, 9 young (9216K), 9 survivors (9216K)
 Metaspace       used 25682K, capacity 26202K, committed 27264K, reserved 1073152K
  class space    used 2730K, capacity 2942K, committed 3200K, reserved 1048576K
}
Event: 137961.682 GC heap before
{Heap before GC invocations=10 (full 0):
 garbage-first heap   total 262144K, used 179886K [0x00000006c0000000, 0x00000007c0000000)
  region size 1024K, 153 young (156672K), 9 survivors (9216K)
 Metaspace       used 25828K, capacity 26269K, committed 27264K, reserved 1073152K
  class space    used 2730K, capacity 2942K, committed 3200K, reserved 1048576K
}
Event: 137961.688 GC heap after
{Heap after GC invocations=11 (full 0):
 garbage-first heap   total 262144K, used 32646K [0x00000006c0000000, 0x00000007c0000000)
  region size 1024K, 9 young (9216K), 9 survivors (9216K)
 Metaspace       used 25828K, capacity 26269K, committed 27264K, reserved 1073152K
  class space    used 2730K, capacity 2942K, committed 3200K, reserved 1048576K
}
Event: 292635.200 GC heap before
{Heap before GC invocations=11 (full 0):
 garbage-first heap   total 262144K, used 196486K [0x00000006c0000000, 0x00000007c0000000)
  region size 1024K, 153 young (156672K), 9 survivors (9216K)
 Metaspace       used 26108K, capacity 26532K, committed 27520K, reserved 1073152K
  class space    used 2737K, capacity 2943K, committed 3200K, reserved 1048576K
}
Event: 292635.268 GC heap after
{Heap after GC invocations=12 (full 0):
 garbage-first heap   total 262144K, used 49523K [0x00000006c0000000, 0x00000007c0000000)
  region size 1024K, 10 young (10240K), 10 survivors (10240K)
 Metaspace       used 26108K, capacity 26532K, committed 27520K, reserved 1073152K
  class space    used 2737K, capacity 2943K, committed 3200K, reserved 1048576K
}

